Reloading schema 'C:\Program Files\Microsoft Visual Studio 8\xml\Schemas\addinschema.xsd'.
Reloading schema 'C:\Program Files\Microsoft Visual Studio 8\xml\Schemas\adrotator.xsd'.
Reloading schema 'C:\Program Files\Microsoft Visual Studio 8\xml\Schemas\adrotator1_0.xsd'.
Reloading schema 'C:\Program Files\Microsoft Visual Studio 8\xml\Schemas\catalog.xsd'.
Reloading schema 'C:\Program Files\Microsoft Visual Studio 8\xml\Schemas\DataSource.xsd'.
Reloading schema 'C:\Program Files\Microsoft Visual Studio 8\Common7\IDE\Policy\Schemas\TDLSchema.xsd'.
Reloading schema 'C:\Program Files\Microsoft Visual Studio 8\Common7\IDE\Policy\Schemas\Policy.xsd'.
Reloading schema 'C:\Program Files\Microsoft Visual Studio 8\xml\schemas\1033\snippetformat.xsd'.
Reloading schema 'C:\Program Files\Microsoft Visual Studio 8\xml\schemas\1033\vstemplate.xsd'.
Reloading schema 'C:\Program Files\Microsoft Visual Studio 8\xml\schemas\1033\Microsoft.Build.xsd'.
Reloading schema 'C:\Program Files\Microsoft Visual Studio 8\xml\schemas\1033\vscontent.xsd'.
Reloading schema 'C:\Program Files\Microsoft Visual Studio 8\xml\Schemas\msdata.xsd'.
Reloading schema 'C:\Program Files\Microsoft Visual Studio 8\xml\Schemas\msxsl.xsd'.
Reloading schema 'C:\Program Files\Microsoft Visual Studio 8\xml\Schemas\DotNetConfig.xsd'.
Reloading schema 'C:\Program Files\Microsoft Visual Studio 8\xml\Schemas\Package.xsd'.
Reloading schema 'C:\Program Files\Microsoft Visual Studio 8\xml\Schemas\SiteMapSchema.xsd'.
Reloading schema 'C:\Program Files\Microsoft Visual Studio 8\xml\Schemas\soap1.1.xsd'.
Reloading schema 'C:\Program Files\Microsoft Visual Studio 8\xml\Schemas\soap1.2.xsd'.
Reloading schema 'C:\Program Files\Microsoft Visual Studio 8\xml\Schemas\vsIntellisense.xsd'.
Reloading schema 'C:\Program Files\Microsoft Visual Studio 8\xml\Schemas\wsdl.xsd'.
Reloading schema 'C:\Program Files\Microsoft Visual Studio 8\xml\Schemas\wsdlSoap11Binding.xsd'.
Reloading schema 'C:\Program Files\Microsoft Visual Studio 8\xml\Schemas\wsdlSoap12Binding.xsd'.
Reloading schema 'C:\Program Files\Microsoft Visual Studio 8\xml\Schemas\xdr.xsd'.
Reloading schema 'C:\Program Files\Microsoft Visual Studio 8\xml\Schemas\XdrRowset.xsd'.
Reloading schema 'C:\Program Files\Microsoft Visual Studio 8\xml\Schemas\xdrtypes.xsd'.
Reloading schema 'C:\Program Files\Microsoft Visual Studio 8\xml\Schemas\xenc.xsd'.
Reloading schema 'C:\Program Files\Microsoft Visual Studio 8\xml\Schemas\xhtml.xsd'.
Reloading schema 'C:\Program Files\Microsoft Visual Studio 8\xml\Schemas\xml.xsd'.
Reloading schema 'C:\Program Files\Microsoft Visual Studio 8\xml\Schemas\xlink.xsd'.
Reloading schema 'C:\Program Files\Microsoft Visual Studio 8\xml\Schemas\xmlsig.xsd'.
Reloading schema 'C:\Program Files\Microsoft Visual Studio 8\xml\Schemas\xmta.xsd'.
Reloading schema 'C:\Program Files\Microsoft Visual Studio 8\xml\Schemas\xsdschema.xsd'.
Reloading schema 'C:\Program Files\Microsoft Visual Studio 8\xml\Schemas\xslt.xsd'.
Reloading schema 'C:\Program Files\Microsoft Visual Studio 8\xml\Schemas\addinschema.xsd'.
Reloading schema 'C:\Program Files\Microsoft Visual Studio 8\xml\Schemas\adrotator.xsd'.
Reloading schema 'C:\Program Files\Microsoft Visual Studio 8\xml\Schemas\adrotator1_0.xsd'.
Reloading schema 'C:\Program Files\Microsoft Visual Studio 8\Common7\IDE\Policy\Schemas\TDLSchema.xsd'.
Reloading schema 'C:\Program Files\Microsoft Visual Studio 8\Common7\IDE\Policy\Schemas\Policy.xsd'.
Reloading schema 'C:\Program Files\Microsoft Visual Studio 8\xml\schemas\1033\snippetformat.xsd'.
Reloading schema 'C:\Program Files\Microsoft Visual Studio 8\xml\schemas\1033\vstemplate.xsd'.
Reloading schema 'C:\Program Files\Microsoft Visual Studio 8\xml\schemas\1033\Microsoft.Build.xsd'.
Reloading schema 'C:\Program Files\Microsoft Visual Studio 8\xml\schemas\1033\vscontent.xsd'.
Reloading schema 'C:\Program Files\Microsoft Visual Studio 8\xml\Schemas\catalog.xsd'.
Reloading schema 'C:\Program Files\Microsoft Visual Studio 8\xml\Schemas\DataSource.xsd'.
Reloading schema 'C:\Program Files\Microsoft Visual Studio 8\xml\Schemas\DotNetConfig.xsd'.
Reloading schema 'C:\Program Files\Microsoft Visual Studio 8\xml\Schemas\msdata.xsd'.
Reloading schema 'C:\Program Files\Microsoft Visual Studio 8\xml\Schemas\msxsl.xsd'.
Reloading schema 'C:\Program Files\Microsoft Visual Studio 8\xml\Schemas\Package.xsd'.
Reloading schema 'C:\Program Files\Microsoft Visual Studio 8\xml\Schemas\SiteMapSchema.xsd'.
Reloading schema 'C:\Program Files\Microsoft Visual Studio 8\xml\Schemas\soap1.1.xsd'.
Reloading schema 'C:\Program Files\Microsoft Visual Studio 8\xml\Schemas\soap1.2.xsd'.
Reloading schema 'C:\Program Files\Microsoft Visual Studio 8\xml\Schemas\vsIntellisense.xsd'.
Reloading schema 'C:\Program Files\Microsoft Visual Studio 8\xml\Schemas\wsdl.xsd'.
Reloading schema 'C:\Program Files\Microsoft Visual Studio 8\xml\Schemas\wsdlSoap11Binding.xsd'.
Reloading schema 'C:\Program Files\Microsoft Visual Studio 8\xml\Schemas\wsdlSoap12Binding.xsd'.
Reloading schema 'C:\Program Files\Microsoft Visual Studio 8\xml\Schemas\xdr.xsd'.
Reloading schema 'C:\Program Files\Microsoft Visual Studio 8\xml\Schemas\XdrRowset.xsd'.
Reloading schema 'C:\Program Files\Microsoft Visual Studio 8\xml\Schemas\xdrtypes.xsd'.
Reloading schema 'C:\Program Files\Microsoft Visual Studio 8\xml\Schemas\xenc.xsd'.
Reloading schema 'C:\Program Files\Microsoft Visual Studio 8\xml\Schemas\xhtml.xsd'.
Reloading schema 'C:\Program Files\Microsoft Visual Studio 8\xml\Schemas\xlink.xsd'.
Reloading schema 'C:\Program Files\Microsoft Visual Studio 8\xml\Schemas\xml.xsd'.
Reloading schema 'C:\Program Files\Microsoft Visual Studio 8\xml\Schemas\xmlsig.xsd'.
Reloading schema 'C:\Program Files\Microsoft Visual Studio 8\xml\Schemas\xmta.xsd'.
Reloading schema 'C:\Program Files\Microsoft Visual Studio 8\xml\Schemas\xsdschema.xsd'.
Reloading schema 'C:\Program Files\Microsoft Visual Studio 8\xml\Schemas\xslt.xsd'.
Reloading schema 'C:\Program Files\Microsoft Visual Studio 8\xml\Schemas\addinschema.xsd'.
Reloading schema 'C:\Program Files\Microsoft Visual Studio 8\xml\Schemas\adrotator.xsd'.
Reloading schema 'C:\Program Files\Microsoft Visual Studio 8\xml\Schemas\adrotator1_0.xsd'.
Reloading schema 'C:\Program Files\Microsoft Visual Studio 8\Common7\IDE\Policy\Schemas\TDLSchema.xsd'.
Reloading schema 'C:\Program Files\Microsoft Visual Studio 8\Common7\IDE\Policy\Schemas\Policy.xsd'.
Reloading schema 'C:\Program Files\Microsoft Visual Studio 8\xml\schemas\1033\snippetformat.xsd'.
Reloading schema 'C:\Program Files\Microsoft Visual Studio 8\xml\schemas\1033\vstemplate.xsd'.
Reloading schema 'C:\Program Files\Microsoft Visual Studio 8\xml\schemas\1033\Microsoft.Build.xsd'.
Reloading schema 'C:\Program Files\Microsoft Visual Studio 8\xml\schemas\1033\vscontent.xsd'.
Reloading schema 'C:\Program Files\Microsoft Visual Studio 8\xml\Schemas\catalog.xsd'.
Reloading schema 'C:\Program Files\Microsoft Visual Studio 8\xml\Schemas\DataSource.xsd'.
Reloading schema 'C:\Program Files\Microsoft Visual Studio 8\xml\Schemas\DotNetConfig.xsd'.
Reloading schema 'C:\Program Files\Microsoft Visual Studio 8\xml\Schemas\msdata.xsd'.
Reloading schema 'C:\Program Files\Microsoft Visual Studio 8\xml\Schemas\msxsl.xsd'.
Reloading schema 'C:\Program Files\Microsoft Visual Studio 8\xml\Schemas\Package.xsd'.
Reloading schema 'C:\Program Files\Microsoft Visual Studio 8\xml\Schemas\SiteMapSchema.xsd'.
Reloading schema 'C:\Program Files\Microsoft Visual Studio 8\xml\Schemas\soap1.1.xsd'.
Reloading schema 'C:\Program Files\Microsoft Visual Studio 8\xml\Schemas\soap1.2.xsd'.
Reloading schema 'C:\Program Files\Microsoft Visual Studio 8\xml\Schemas\vsIntellisense.xsd'.
Reloading schema 'C:\Program Files\Microsoft Visual Studio 8\xml\Schemas\wsdl.xsd'.
Reloading schema 'C:\Program Files\Microsoft Visual Studio 8\xml\Schemas\wsdlSoap11Binding.xsd'.
Reloading schema 'C:\Program Files\Microsoft Visual Studio 8\xml\Schemas\wsdlSoap12Binding.xsd'.
Reloading schema 'C:\Program Files\Microsoft Visual Studio 8\xml\Schemas\xdr.xsd'.
Reloading schema 'C:\Program Files\Microsoft Visual Studio 8\xml\Schemas\XdrRowset.xsd'.
Reloading schema 'C:\Program Files\Microsoft Visual Studio 8\xml\Schemas\xdrtypes.xsd'.
Reloading schema 'C:\Program Files\Microsoft Visual Studio 8\xml\Schemas\xenc.xsd'.
Reloading schema 'C:\Program Files\Microsoft Visual Studio 8\xml\Schemas\xhtml.xsd'.
Reloading schema 'C:\Program Files\Microsoft Visual Studio 8\xml\Schemas\xlink.xsd'.
Reloading schema 'C:\Program Files\Microsoft Visual Studio 8\xml\Schemas\xml.xsd'.
Reloading schema 'C:\Program Files\Microsoft Visual Studio 8\xml\Schemas\xmlsig.xsd'.
Reloading schema 'C:\Program Files\Microsoft Visual Studio 8\xml\Schemas\xmta.xsd'.
Reloading schema 'C:\Program Files\Microsoft Visual Studio 8\xml\Schemas\xsdschema.xsd'.
Reloading schema 'C:\Program Files\Microsoft Visual Studio 8\xml\Schemas\xslt.xsd'.
Reloading schema 'C:\Program Files\Microsoft Visual Studio 8\xml\Schemas\addinschema.xsd'.
Reloading schema 'C:\Program Files\Microsoft Visual Studio 8\xml\Schemas\adrotator.xsd'.
Reloading schema 'C:\Program Files\Microsoft Visual Studio 8\xml\Schemas\adrotator1_0.xsd'.
Reloading schema 'C:\Program Files\Microsoft Visual Studio 8\xml\Schemas\catalog.xsd'.
Reloading schema 'C:\Program Files\Microsoft Visual Studio 8\xml\Schemas\DataSource.xsd'.
Reloading schema 'C:\Program Files\Microsoft Visual Studio 8\Common7\IDE\Policy\Schemas\TDLSchema.xsd'.
Reloading schema 'C:\Program Files\Microsoft Visual Studio 8\Common7\IDE\Policy\Schemas\Policy.xsd'.
Reloading schema 'C:\Program Files\Microsoft Visual Studio 8\xml\schemas\1033\snippetformat.xsd'.
Reloading schema 'C:\Program Files\Microsoft Visual Studio 8\xml\schemas\1033\vstemplate.xsd'.
Reloading schema 'C:\Program Files\Microsoft Visual Studio 8\xml\Schemas\DotNetConfig.xsd'.
Reloading schema 'C:\Program Files\Microsoft Visual Studio 8\xml\schemas\1033\Microsoft.Build.xsd'.
Reloading schema 'C:\Program Files\Microsoft Visual Studio 8\xml\Schemas\msdata.xsd'.
Reloading schema 'C:\Program Files\Microsoft Visual Studio 8\xml\schemas\1033\vscontent.xsd'.
Reloading schema 'C:\Program Files\Microsoft Visual Studio 8\xml\Schemas\msxsl.xsd'.
Reloading schema 'C:\Program Files\Microsoft Visual Studio 8\xml\Schemas\Package.xsd'.
Reloading schema 'C:\Program Files\Microsoft Visual Studio 8\xml\Schemas\SiteMapSchema.xsd'.
Reloading schema 'C:\Program Files\Microsoft Visual Studio 8\xml\Schemas\soap1.1.xsd'.
Reloading schema 'C:\Program Files\Microsoft Visual Studio 8\xml\Schemas\soap1.2.xsd'.
Reloading schema 'C:\Program Files\Microsoft Visual Studio 8\xml\Schemas\vsIntellisense.xsd'.
Reloading schema 'C:\Program Files\Microsoft Visual Studio 8\xml\Schemas\wsdl.xsd'.
Reloading schema 'C:\Program Files\Microsoft Visual Studio 8\xml\Schemas\wsdlSoap11Binding.xsd'.
Reloading schema 'C:\Program Files\Microsoft Visual Studio 8\xml\Schemas\wsdlSoap12Binding.xsd'.
Reloading schema 'C:\Program Files\Microsoft Visual Studio 8\xml\Schemas\xdr.xsd'.
Reloading schema 'C:\Program Files\Microsoft Visual Studio 8\xml\Schemas\XdrRowset.xsd'.
Reloading schema 'C:\Program Files\Microsoft Visual Studio 8\xml\Schemas\xdrtypes.xsd'.
Reloading schema 'C:\Program Files\Microsoft Visual Studio 8\xml\Schemas\xenc.xsd'.
Reloading schema 'C:\Program Files\Microsoft Visual Studio 8\xml\Schemas\xhtml.xsd'.
Reloading schema 'C:\Program Files\Microsoft Visual Studio 8\xml\Schemas\xlink.xsd'.
Reloading schema 'C:\Program Files\Microsoft Visual Studio 8\xml\Schemas\xml.xsd'.
Reloading schema 'C:\Program Files\Microsoft Visual Studio 8\xml\Schemas\xmlsig.xsd'.
Reloading schema 'C:\Program Files\Microsoft Visual Studio 8\xml\Schemas\xmta.xsd'.
Reloading schema 'C:\Program Files\Microsoft Visual Studio 8\xml\Schemas\xsdschema.xsd'.
Reloading schema 'C:\Program Files\Microsoft Visual Studio 8\xml\Schemas\xslt.xsd'.
